Removed Pin From Net: NetName=Netinput_2 Pin=transformer-1
Removed Pin From Net: NetName=Netinput_1 Pin=transformer-2
Removed Member From Class: ClassName=Sheet3 Member=transformer
Change Component Designator: OldDesignator=12 NewDesignator=2
Added Component: Designator=T?(TRANS)
Add component (AddParameter): Name = "LatestRevisionDate"; Value = "08-Jul-2005"; VariantName = "[No Variations]"
Add component (AddParameter): Name = "LatestRevisionNote"; Value = "Mech Layer 1 removed."; VariantName = "[No Variations]"
Add component (AddParameter): Name = "PackageDescription"; Value = "Transformer; 4 Leads"; VariantName = "[No Variations]"
Add component (AddParameter): Name = "PackageReference"; Value = "TRANS"; VariantName = "[No Variations]"
Add component (AddParameter): Name = "Published"; Value = "24-Mar-1999"; VariantName = "[No Variations]"
Add component (AddParameter): Name = "Publisher"; Value = "Altium Limited"; VariantName = "[No Variations]"
Add Pin To Net: Unknown Pin: Pin led-1
Add Pin To Net: Unknown Pin: Pin led-2
Add Pin To Net: Unknown Pin: Pin rest-1
Add Pin To Net: Unknown Pin: Pin rest-2
Added Pin To Net: NetName=Netinput_2 Pin=T?-1
Added Pin To Net: NetName=Netinput_1 Pin=T?-2
Added Pin To Net: NetName=Net2_2 Pin=2-2
Added Pin To Net: NetName=Net2_2 Pin=T?-4
Added Net: Name=Net2_2
Added Pin To Net: NetName=Net2_4 Pin=2-4
Added Pin To Net: NetName=Net2_4 Pin=T?-3
Added Net: Name=Net2_4
Add Class Member: Failed to add class member : Component led Light-Emitting Diode
Add Class Member: Failed to add class member : Component rest Resistor
Added Member To Class: ClassName=Sheet3 Member=Component T? Trans
