Change Component Footprint: Designator=SWITCH Old Footprint=SPST-2 New Footprint=switch
Change Component Comment : Designator=SWITCH Old Comment=SW-SPST New Comment=switch
Change component parameters: Designator = "SWITCH" ("switch"); Footprint = "SPST-2"; UniqueID = "\AOYFJDAG" ("\AOYFJDAG")
Added Component: Designator=Micro Sd Card Reader(Micro Sd Card Reader)
Added Component: Designator=R?(AXIAL-0.3)
Add component (AddParameter): Name = "LatestRevisionDate"; Value = "17-Jul-2002"; VariantName = "[No Variations]"
Add component (AddParameter): Name = "LatestRevisionNote"; Value = "Re-released for DXP Platform."; VariantName = "[No Variations]"
Add component (AddParameter): Name = "PackageDescription"; Value = "Axial Device, Thru-Hole; 2 Leads; 0.3 in Pin Spacing"; VariantName = "[No Variations]"
Add component (AddParameter): Name = "PackageReference"; Value = "AXIAL-0.3"; VariantName = "[No Variations]"
Add component (AddParameter): Name = "Published"; Value = "8-Jun-2000"; VariantName = "[No Variations]"
Add component (AddParameter): Name = "Publisher"; Value = "Altium Limited"; VariantName = "[No Variations]"
Add component (AddParameter): Name = "Value"; Value = "1K"; VariantName = "[No Variations]"
Change Net Name : Old Net Name=SWITCH New Net Name=cathode
Added Pin To Net: NetName=anode Pin=D?-1
Added Pin To Net: NetName=anode Pin=R?-2
Added Net: Name=anode
Added Pin To Net: NetName=dg7 Pin=ARDUINO UNO-22
Added Pin To Net: NetName=dg7 Pin=R?-1
Added Net: Name=dg7
Added Pin To Net: NetName=NetLabel70 Pin=Micro Sd Card Reader-1
Added Net: Name=NetLabel70
Added Pin To Net: NetName=NetLabel71 Pin=Micro Sd Card Reader-2
Added Net: Name=NetLabel71
Added Pin To Net: NetName=NetLabel72 Pin=Micro Sd Card Reader-3
Added Net: Name=NetLabel72
Added Pin To Net: NetName=NetLabel73 Pin=Micro Sd Card Reader-4
Added Net: Name=NetLabel73
Added Pin To Net: NetName=NetLabel74 Pin=Micro Sd Card Reader-5
Added Net: Name=NetLabel74
Added Pin To Net: NetName=NetLabel75 Pin=Micro Sd Card Reader-6
Added Net: Name=NetLabel75
Added Member To Class: ClassName=Sheet2 Member=Component Micro Sd Card Reader
Added Member To Class: ClassName=Sheet2 Member=Component R? Res1
Added Room: Name=Sheet2
